<?xml version="1.0" encoding="UTF-8"?>
<!-- Generated by org.testng.reporters.JUnitReportReporter -->
<testsuite hostname="JohnSun" failures="0" tests="1" name="getBookingDetails.TestRunner" time="2.935" errors="0" timestamp="14 Apr 2024 09:54:14 GMT">
  <testcase classname="getBookingDetails.TestRunner" name="runScenario" time="2.935"/>
</testsuite> <!-- getBookingDetails.TestRunner -->
