<?xml version="1.0" encoding="UTF-8"?>
<!-- Generated by org.testng.reporters.JUnitReportReporter -->
<testsuite hostname="JohnSun" failures="0" tests="1" name="pages.getBookingDetailsTestRunner" time="2.947" errors="0" timestamp="14 Apr 2024 09:46:57 GMT">
  <testcase classname="pages.getBookingDetailsTestRunner" name="runScenario" time="2.947"/>
</testsuite> <!-- pages.getBookingDetailsTestRunner -->
