<?xml version="1.0" encoding="UTF-8"?>
<!-- Generated by org.testng.reporters.JUnitReportReporter -->
<testsuite hostname="JohnSun" failures="0" tests="1" name="createNewBooking.POSTTestRunner" time="1.645" errors="0" timestamp="15 Apr 2024 07:39:34 GMT">
  <testcase classname="createNewBooking.POSTTestRunner" name="runScenario" time="1.645"/>
</testsuite> <!-- createNewBooking.POSTTestRunner -->
