<?xml version="1.0" encoding="UTF-8"?>
<!-- Generated by org.testng.reporters.JUnitReportReporter -->
<testsuite hostname="JohnSun" failures="0" tests="1" name="partialUpdate.PartialUpdateTestRunner" time="1.268" errors="0" timestamp="15 Apr 2024 07:39:34 GMT">
  <testcase classname="partialUpdate.PartialUpdateTestRunner" name="runScenario" time="1.268"/>
</testsuite> <!-- partialUpdate.PartialUpdateTestRunner -->
