<?xml version="1.0" encoding="UTF-8"?>
<!-- Generated by org.testng.reporters.JUnitReportReporter -->
<testsuite hostname="JohnSun" failures="0" tests="1" name="PingHealthCheck.TestRunner" time="3.771" errors="0" timestamp="14 Apr 2024 13:40:51 GMT">
  <testcase classname="PingHealthCheck.TestRunner" name="runScenario" time="3.771"/>
</testsuite> <!-- PingHealthCheck.TestRunner -->
