<?xml version="1.0" encoding="UTF-8"?>
<!-- Generated by org.testng.reporters.JUnitReportReporter -->
<testsuite hostname="JohnSun" failures="0" tests="1" name="createNewBooking.TestRunner" time="3.280" errors="0" timestamp="14 Apr 2024 10:52:22 GMT">
  <testcase classname="createNewBooking.TestRunner" name="runScenario" time="3.280"/>
</testsuite> <!-- createNewBooking.TestRunner -->
