<?xml version="1.0" encoding="UTF-8"?>
<!-- Generated by org.testng.reporters.JUnitReportReporter -->
<testsuite hostname="JohnSun" failures="0" tests="1" name="pages.TestRunner" time="2.709" errors="0" timestamp="14 Apr 2024 09:44:37 GMT">
  <testcase classname="pages.TestRunner" name="runScenario" time="2.709"/>
</testsuite> <!-- pages.TestRunner -->
