<?xml version="1.0" encoding="UTF-8"?>
<!-- Generated by org.testng.reporters.JUnitReportReporter -->
<testsuite hostname="JohnSun" failures="0" tests="1" name="updateBooking.TestRunner" time="3.251" errors="0" timestamp="14 Apr 2024 11:03:58 GMT">
  <testcase classname="updateBooking.TestRunner" name="runScenario" time="3.251"/>
</testsuite> <!-- updateBooking.TestRunner -->
