<?xml version="1.0" encoding="UTF-8"?>
<!-- Generated by org.testng.reporters.JUnitReportReporter -->
<testsuite hostname="JohnSun" failures="0" tests="1" name="partialUpdate.TestRunner" time="3.273" errors="0" timestamp="14 Apr 2024 11:15:21 GMT">
  <testcase classname="partialUpdate.TestRunner" name="runScenario" time="3.273"/>
</testsuite> <!-- partialUpdate.TestRunner -->
