<?xml version="1.0" encoding="UTF-8"?>
<!-- Generated by org.testng.reporters.JUnitReportReporter -->
<testsuite hostname="JohnSun" failures="0" tests="1" name="deleteBooking.TestRunner" time="2.679" errors="0" timestamp="14 Apr 2024 11:36:03 GMT">
  <testcase classname="deleteBooking.TestRunner" name="runScenario" time="2.679"/>
</testsuite> <!-- deleteBooking.TestRunner -->
